#
# There is insufficient memory for the Java Runtime Environment to continue.
# Native memory allocation (malloc) failed to allocate 1465040 bytes for Chunk::new
# Possible reasons:
#   The system is out of physical RAM or swap space
#   The process is running with CompressedOops enabled, and the Java Heap may be blocking the growth of the native heap
# Possible solutions:
#   Reduce memory load on the system
#   Increase physical memory or swap space
#   Check if swap backing store is full
#   Decrease Java heap size (-Xmx/-Xms)
#   Decrease number of Java threads
#   Decrease Java thread stack sizes (-Xss)
#   Set larger code cache with -XX:ReservedCodeCacheSize=
#   JVM is running with Unscaled Compressed Oops mode in which the Java heap is
#     placed in the first 4GB address space. The Java Heap base address is the
#     maximum limit for the native heap growth. Please use -XX:HeapBaseMinAddress
#     to set the Java Heap base and to place the Java Heap above 4GB virtual address.
# This output file may be truncated or incomplete.
#
#  Out of Memory Error (arena.cpp:184), pid=1108, tid=3004
#
# JRE version: Java(TM) SE Runtime Environment (18.0.1.1+2) (build 18.0.1.1+2-6)
# Java VM: Java HotSpot(TM) 64-Bit Server VM (18.0.1.1+2-6, mixed mode, sharing, tiered, compressed oops, compressed class ptrs, g1 gc, windows-amd64)
# No core dump will be written. Minidumps are not enabled by default on client versions of Windows
#

---------------  S U M M A R Y ------------

Command Line: org.jetbrains.kotlin.cli.jvm.K2JVMCompiler @E:\NewsAssignmentZevo\app\build\20230726_7917615292470509331.compiler.options

Host: Intel(R) Core(TM) i5-4210U CPU @ 1.70GHz, 4 cores, 7G,  Windows 8.1 , 64 bit Build 9600 (6.3.9600.17056)
Time: Wed Jul 26 17:28:25 2023 India Standard Time elapsed time: 28.216570 seconds (0d 0h 0m 28s)

---------------  T H R E A D  ---------------

Current thread (0x000000980c88bb60):  JavaThread "C2 CompilerThread1" daemon [_thread_in_native, id=3004, stack(0x000000980d0f0000,0x000000980d1f0000)]


Current CompileTask:
C2:  28216 10009       4       org.jetbrains.kotlin.ir.util.TypeTranslator::translateType (625 bytes)

Stack: [0x000000980d0f0000,0x000000980d1f0000]
Native frames: (J=compiled Java code, j=interpreted, Vv=VM code, C=native code)
V  [jvm.dll+0x69887a]
V  [jvm.dll+0x7f38bd]
V  [jvm.dll+0x7f51ce]
V  [jvm.dll+0x7f5883]
V  [jvm.dll+0x25ca3f]
V  [jvm.dll+0xb8c2f]
V  [jvm.dll+0xb8fa5]
V  [jvm.dll+0x385a6b]
V  [jvm.dll+0x34f811]
V  [jvm.dll+0x34ecaa]
V  [jvm.dll+0x22fc21]
V  [jvm.dll+0x22eff1]
V  [jvm.dll+0x1b9cfc]
V  [jvm.dll+0x23e8ca]
V  [jvm.dll+0x23cbb5]
V  [jvm.dll+0x7a5fb1]
V  [jvm.dll+0x7a03ea]
V  [jvm.dll+0x697725]
C  [ucrtbase.DLL+0x1d912]
C  [KERNEL32.DLL+0x16ad]
C  [ntdll.dll+0x154f4]


---------------  P R O C E S S  ---------------

Threads class SMR info:
_java_thread_list=0x000000980af6cda0, length=13, elements={
0x00000098674975e0, 0x000000987f1412b0, 0x000000987f143820, 0x000000987f15b210,
0x000000987f15cc30, 0x000000987f15e190, 0x000000987f15ec70, 0x000000987f160500,
0x000000987f1729b0, 0x000000987f183b60, 0x000000980acd0520, 0x000000980acd8e30,
0x000000980c88bb60
}

Java Threads: ( => current thread )
  0x00000098674975e0 JavaThread "main" [_thread_in_vm, id=1816, stack(0x0000009866b30000,0x0000009866c30000)]
  0x000000987f1412b0 JavaThread "Reference Handler" daemon [_thread_blocked, id=1996, stack(0x000000980a100000,0x000000980a200000)]
  0x000000987f143820 JavaThread "Finalizer" daemon [_thread_blocked, id=5068, stack(0x000000980a200000,0x000000980a300000)]
  0x000000987f15b210 JavaThread "Signal Dispatcher" daemon [_thread_blocked, id=4132, stack(0x000000980a510000,0x000000980a610000)]
  0x000000987f15cc30 JavaThread "Attach Listener" daemon [_thread_blocked, id=6528, stack(0x000000980a610000,0x000000980a710000)]
  0x000000987f15e190 JavaThread "Service Thread" daemon [_thread_blocked, id=2128, stack(0x000000980a710000,0x000000980a810000)]
  0x000000987f15ec70 JavaThread "Monitor Deflation Thread" daemon [_thread_blocked, id=6744, stack(0x000000980a810000,0x000000980a910000)]
  0x000000987f160500 JavaThread "C2 CompilerThread0" daemon [_thread_in_native, id=1188, stack(0x000000980a910000,0x000000980aa10000)]
  0x000000987f1729b0 JavaThread "C1 CompilerThread0" daemon [_thread_in_native, id=2000, stack(0x000000980aa10000,0x000000980ab10000)]
  0x000000987f183b60 JavaThread "Sweeper thread" daemon [_thread_blocked, id=2208, stack(0x000000980ab10000,0x000000980ac10000)]
  0x000000980acd0520 JavaThread "Notification Thread" daemon [_thread_blocked, id=4868, stack(0x000000980b010000,0x000000980b110000)]
  0x000000980acd8e30 JavaThread "Common-Cleaner" daemon [_thread_blocked, id=644, stack(0x000000980b210000,0x000000980b310000)]
=>0x000000980c88bb60 JavaThread "C2 CompilerThread1" daemon [_thread_in_native, id=3004, stack(0x000000980d0f0000,0x000000980d1f0000)]

Other Threads:
  0x000000987f13d120 VMThread "VM Thread" [stack: 0x000000980a000000,0x000000980a100000] [id=5212]
  0x000000980acd6a00 WatcherThread "VM Periodic Task Thread" [stack: 0x000000980b110000,0x000000980b210000] [id=1640]
  0x00000098674f7800 WorkerThread "GC Thread#0" [stack: 0x0000009867250000,0x0000009867350000] [id=6064]
  0x000000980b392090 WorkerThread "GC Thread#1" [stack: 0x000000980bb10000,0x000000980bc10000] [id=1568]
  0x000000980b392330 WorkerThread "GC Thread#2" [stack: 0x000000980bc10000,0x000000980bd10000] [id=4048]
  0x000000980b3a5b80 WorkerThread "GC Thread#3" [stack: 0x000000980bd10000,0x000000980be10000] [id=7156]
  0x0000009867508470 ConcurrentGCThread "G1 Main Marker" [stack: 0x000000987e9a0000,0x000000987eaa0000] [id=4600]
  0x0000009867509a20 WorkerThread "G1 Conc#0" [stack: 0x000000987eaa0000,0x000000987eba0000] [id=5140]
  0x000000986752ece0 ConcurrentGCThread "G1 Refine#0" [stack: 0x000000987f1e0000,0x000000987f2e0000] [id=4340]
  0x000000987effa790 ConcurrentGCThread "G1 Service" [stack: 0x000000987f2e0000,0x000000987f3e0000] [id=2028]

Threads with active compile tasks:
C2 CompilerThread0    28267 10038       4       org.jetbrains.kotlin.ir.util.TypeTranslator::translateTypeAnnotations (230 bytes)
C1 CompilerThread0    28268 10052       3       org.jetbrains.kotlin.load.java.structure.impl.classFiles.BinaryJavaConstructor::<init> (32 bytes)
C2 CompilerThread1    28268 10009       4       org.jetbrains.kotlin.ir.util.TypeTranslator::translateType (625 bytes)

VM state: not at safepoint (normal execution)

VM Mutex/Monitor currently owned by a thread:  ([mutex/lock_event])
[0x00000098653cead0] MethodCompileQueue_lock - owner thread: 0x000000987f1729b0
[0x00000098653ce1d0] CodeCache_lock - owner thread: 0x0000000000000000

Heap address: 0x0000000081600000, size: 2026 MB, Compressed Oops mode: 32-bit

CDS archive(s) mapped at: [0x0000000800000000-0x0000000800ba0000-0x0000000800ba0000), size 12189696, SharedBaseAddress: 0x0000000800000000, ArchiveRelocationMode: 0.
Compressed class space mapped at: 0x0000000800c00000-0x0000000840c00000, reserved size: 1073741824
Narrow klass base: 0x0000000800000000, Narrow klass shift: 0, Narrow klass range: 0x100000000

GC Precious Log:
 CardTable entry size: 512
 Card Set container configuration: InlinePtr #cards 5 size 8 Array Of Cards #cards 12 size 40 Howl #buckets 4 coarsen threshold 1843 Howl Bitmap #cards 512 size 80 coarsen threshold 460 Card regions per heap region 1 cards per card region 2048
 CPUs: 4 total, 4 available
 Memory: 8096M
 Large Page Support: Disabled
 NUMA Support: Disabled
 Compressed Oops: Enabled (32-bit)
 Heap Region Size: 1M
 Heap Min Capacity: 8M
 Heap Initial Capacity: 128M
 Heap Max Capacity: 2026M
 Pre-touch: Disabled
 Parallel Workers: 4
 Concurrent Workers: 1
 Concurrent Refinement Workers: 4
 Periodic GC: Disabled

Heap:
 garbage-first heap   total 123904K, used 74831K [0x0000000081600000, 0x0000000100000000)
  region size 1024K, 11 young (11264K), 4 survivors (4096K)
 Metaspace       used 68319K, committed 69120K, reserved 1114112K
  class space    used 7704K, committed 8128K, reserved 1048576K

Heap Regions: E=young(eden), S=young(survivor), O=old, HS=humongous(starts), HC=humongous(continues), CS=collection set, F=free, OA=open archive, CA=closed archive, TAMS=top-at-mark-start (previous, next)
|   0|0x0000000081600000, 0x0000000081700000, 0x0000000081700000|100%|HS|  |TAMS 0x0000000081700000, 0x0000000081700000| Complete 
|   1|0x0000000081700000, 0x0000000081800000, 0x0000000081800000|100%|HC|  |TAMS 0x0000000081800000, 0x0000000081800000| Complete 
|   2|0x0000000081800000, 0x0000000081900000, 0x0000000081900000|100%|HC|  |TAMS 0x0000000081900000, 0x0000000081900000| Complete 
|   3|0x0000000081900000, 0x0000000081a00000, 0x0000000081a00000|100%|HC|  |TAMS 0x0000000081a00000, 0x0000000081a00000| Complete 
|   4|0x0000000081a00000, 0x0000000081b00000, 0x0000000081b00000|100%| O|  |TAMS 0x0000000081b00000, 0x0000000081b00000| Untracked 
|   5|0x0000000081b00000, 0x0000000081c00000, 0x0000000081c00000|100%| O|  |TAMS 0x0000000081c00000, 0x0000000081c00000| Untracked 
|   6|0x0000000081c00000, 0x0000000081d00000, 0x0000000081d00000|100%| O|  |TAMS 0x0000000081d00000, 0x0000000081d00000| Untracked 
|   7|0x0000000081d00000, 0x0000000081e00000, 0x0000000081e00000|100%|HS|  |TAMS 0x0000000081e00000, 0x0000000081e00000| Complete 
|   8|0x0000000081e00000, 0x0000000081f00000, 0x0000000081f00000|100%|HC|  |TAMS 0x0000000081f00000, 0x0000000081f00000| Complete 
|   9|0x0000000081f00000, 0x0000000082000000, 0x0000000082000000|100%|HC|  |TAMS 0x0000000082000000, 0x0000000082000000| Complete 
|  10|0x0000000082000000, 0x0000000082100000, 0x0000000082100000|100%|HC|  |TAMS 0x0000000082100000, 0x0000000082100000| Complete 
|  11|0x0000000082100000, 0x0000000082200000, 0x0000000082200000|100%| O|  |TAMS 0x0000000082200000, 0x0000000082200000| Untracked 
|  12|0x0000000082200000, 0x00000000822d9400, 0x0000000082300000| 84%| O|  |TAMS 0x00000000822d9400, 0x00000000822d9400| Untracked 
|  13|0x0000000082300000, 0x0000000082400000, 0x0000000082400000|100%| O|  |TAMS 0x0000000082400000, 0x0000000082400000| Untracked 
|  14|0x0000000082400000, 0x0000000082500000, 0x0000000082500000|100%| O|  |TAMS 0x0000000082500000, 0x0000000082500000| Untracked 
|  15|0x0000000082500000, 0x0000000082600000, 0x0000000082600000|100%| O|  |TAMS 0x0000000082600000, 0x0000000082600000| Untracked 
|  16|0x0000000082600000, 0x0000000082700000, 0x0000000082700000|100%| O|  |TAMS 0x0000000082700000, 0x0000000082700000| Untracked 
|  17|0x0000000082700000, 0x0000000082800000, 0x0000000082800000|100%| O|  |TAMS 0x0000000082800000, 0x0000000082800000| Untracked 
|  18|0x0000000082800000, 0x0000000082900000, 0x0000000082900000|100%| O|  |TAMS 0x0000000082900000, 0x0000000082900000| Untracked 
|  19|0x0000000082900000, 0x0000000082a00000, 0x0000000082a00000|100%| O|  |TAMS 0x0000000082a00000, 0x0000000082a00000| Untracked 
|  20|0x0000000082a00000, 0x0000000082b00000, 0x0000000082b00000|100%| O|  |TAMS 0x0000000082b00000, 0x0000000082b00000| Untracked 
|  21|0x0000000082b00000, 0x0000000082c00000, 0x0000000082c00000|100%|HS|  |TAMS 0x0000000082c00000, 0x0000000082c00000| Complete 
|  22|0x0000000082c00000, 0x0000000082d00000, 0x0000000082d00000|100%|HC|  |TAMS 0x0000000082d00000, 0x0000000082d00000| Complete 
|  23|0x0000000082d00000, 0x0000000082e00000, 0x0000000082e00000|100%| O|  |TAMS 0x0000000082e00000, 0x0000000082e00000| Untracked 
|  24|0x0000000082e00000, 0x0000000082f00000, 0x0000000082f00000|100%| O|  |TAMS 0x0000000082f00000, 0x0000000082f00000| Untracked 
|  25|0x0000000082f00000, 0x0000000083000000, 0x0000000083000000|100%| O|  |TAMS 0x0000000083000000, 0x0000000083000000| Untracked 
|  26|0x0000000083000000, 0x0000000083100000, 0x0000000083100000|100%| O|  |TAMS 0x0000000083100000, 0x0000000083100000| Untracked 
|  27|0x0000000083100000, 0x0000000083200000, 0x0000000083200000|100%| O|  |TAMS 0x0000000083200000, 0x0000000083200000| Untracked 
|  28|0x0000000083200000, 0x0000000083300000, 0x0000000083300000|100%| O|  |TAMS 0x0000000083300000, 0x0000000083300000| Untracked 
|  29|0x0000000083300000, 0x0000000083400000, 0x0000000083400000|100%| O|  |TAMS 0x0000000083400000, 0x0000000083400000| Untracked 
|  30|0x0000000083400000, 0x0000000083500000, 0x0000000083500000|100%| O|  |TAMS 0x0000000083500000, 0x0000000083500000| Untracked 
|  31|0x0000000083500000, 0x0000000083600000, 0x0000000083600000|100%| O|  |TAMS 0x0000000083600000, 0x0000000083600000| Untracked 
|  32|0x0000000083600000, 0x0000000083700000, 0x0000000083700000|100%| O|  |TAMS 0x0000000083700000, 0x0000000083700000| Untracked 
|  33|0x0000000083700000, 0x0000000083800000, 0x0000000083800000|100%| O|  |TAMS 0x0000000083800000, 0x0000000083800000| Untracked 
|  34|0x0000000083800000, 0x0000000083900000, 0x0000000083900000|100%| O|  |TAMS 0x0000000083900000, 0x0000000083900000| Untracked 
|  35|0x0000000083900000, 0x0000000083a00000, 0x0000000083a00000|100%| O|  |TAMS 0x0000000083a00000, 0x0000000083a00000| Untracked 
|  36|0x0000000083a00000, 0x0000000083b00000, 0x0000000083b00000|100%| O|  |TAMS 0x0000000083b00000, 0x0000000083b00000| Untracked 
|  37|0x0000000083b00000, 0x0000000083c00000, 0x0000000083c00000|100%| O|  |TAMS 0x0000000083c00000, 0x0000000083c00000| Untracked 
|  38|0x0000000083c00000, 0x0000000083d00000, 0x0000000083d00000|100%| O|  |TAMS 0x0000000083d00000, 0x0000000083d00000| Untracked 
|  39|0x0000000083d00000, 0x0000000083e00000, 0x0000000083e00000|100%| O|  |TAMS 0x0000000083e00000, 0x0000000083e00000| Untracked 
|  40|0x0000000083e00000, 0x0000000083f00000, 0x0000000083f00000|100%| O|  |TAMS 0x0000000083f00000, 0x0000000083f00000| Untracked 
|  41|0x0000000083f00000, 0x0000000084000000, 0x0000000084000000|100%| O|  |TAMS 0x0000000084000000, 0x0000000084000000| Untracked 
|  42|0x0000000084000000, 0x0000000084100000, 0x0000000084100000|100%| O|  |TAMS 0x0000000084100000, 0x0000000084100000| Untracked 
|  43|0x0000000084100000, 0x0000000084200000, 0x0000000084200000|100%| O|  |TAMS 0x0000000084200000, 0x0000000084200000| Untracked 
|  44|0x0000000084200000, 0x0000000084300000, 0x0000000084300000|100%| O|  |TAMS 0x0000000084300000, 0x0000000084300000| Untracked 
|  45|0x0000000084300000, 0x0000000084400000, 0x0000000084400000|100%| O|  |TAMS 0x0000000084400000, 0x0000000084400000| Untracked 
|  46|0x0000000084400000, 0x0000000084500000, 0x0000000084500000|100%| O|  |TAMS 0x0000000084500000, 0x0000000084500000| Untracked 
|  47|0x0000000084500000, 0x0000000084600000, 0x0000000084600000|100%| O|  |TAMS 0x0000000084572600, 0x0000000084600000| Untracked 
|  48|0x0000000084600000, 0x0000000084700000, 0x0000000084700000|100%| O|  |TAMS 0x0000000084600000, 0x0000000084700000| Untracked 
|  49|0x0000000084700000, 0x0000000084800000, 0x0000000084800000|100%| O|  |TAMS 0x0000000084700000, 0x0000000084800000| Untracked 
|  50|0x0000000084800000, 0x0000000084900000, 0x0000000084900000|100%| O|  |TAMS 0x0000000084800000, 0x0000000084900000| Untracked 
|  51|0x0000000084900000, 0x0000000084a00000, 0x0000000084a00000|100%| O|  |TAMS 0x0000000084900000, 0x0000000084a00000| Untracked 
|  52|0x0000000084a00000, 0x0000000084b00000, 0x0000000084b00000|100%| O|  |TAMS 0x0000000084a00000, 0x0000000084b00000| Untracked 
|  53|0x0000000084b00000, 0x0000000084c00000, 0x0000000084c00000|100%| O|  |TAMS 0x0000000084b00000, 0x0000000084c00000| Untracked 
|  54|0x0000000084c00000, 0x0000000084d00000, 0x0000000084d00000|100%| O|  |TAMS 0x0000000084c00000, 0x0000000084d00000| Untracked 
|  55|0x0000000084d00000, 0x0000000084e00000, 0x0000000084e00000|100%| O|  |TAMS 0x0000000084d00000, 0x0000000084e00000| Untracked 
|  56|0x0000000084e00000, 0x0000000084f00000, 0x0000000084f00000|100%| O|  |TAMS 0x0000000084e00000, 0x0000000084f00000| Untracked 
|  57|0x0000000084f00000, 0x0000000085000000, 0x0000000085000000|100%| O|  |TAMS 0x0000000084f00000, 0x0000000085000000| Untracked 
|  58|0x0000000085000000, 0x0000000085100000, 0x0000000085100000|100%| O|  |TAMS 0x0000000085000000, 0x0000000085100000| Untracked 
|  59|0x0000000085100000, 0x0000000085200000, 0x0000000085200000|100%| O|  |TAMS 0x0000000085100000, 0x00000000851f6e00| Untracked 
|  60|0x0000000085200000, 0x0000000085300000, 0x0000000085300000|100%| O|  |TAMS 0x0000000085200000, 0x0000000085200000| Untracked 
|  61|0x0000000085300000, 0x0000000085400000, 0x0000000085400000|100%| O|  |TAMS 0x0000000085300000, 0x0000000085300000| Untracked 
|  62|0x0000000085400000, 0x0000000085500000, 0x0000000085500000|100%| O|  |TAMS 0x0000000085400000, 0x0000000085400000| Untracked 
|  63|0x0000000085500000, 0x0000000085580000, 0x0000000085600000| 50%| O|  |TAMS 0x0000000085500000, 0x0000000085500000| Untracked 
|  64|0x0000000085600000, 0x0000000085600000, 0x0000000085700000|  0%| F|  |TAMS 0x0000000085600000, 0x0000000085600000| Untracked 
|  65|0x0000000085700000, 0x0000000085700000, 0x0000000085800000|  0%| F|  |TAMS 0x0000000085700000, 0x0000000085700000| Untracked 
|  66|0x0000000085800000, 0x0000000085800000, 0x0000000085900000|  0%| F|  |TAMS 0x0000000085800000, 0x0000000085800000| Untracked 
|  67|0x0000000085900000, 0x0000000085900000, 0x0000000085a00000|  0%| F|  |TAMS 0x0000000085900000, 0x0000000085900000| Untracked 
|  68|0x0000000085a00000, 0x0000000085a00000, 0x0000000085b00000|  0%| F|  |TAMS 0x0000000085a00000, 0x0000000085a00000| Untracked 
|  69|0x0000000085b00000, 0x0000000085b00000, 0x0000000085c00000|  0%| F|  |TAMS 0x0000000085b00000, 0x0000000085b00000| Untracked 
|  70|0x0000000085c00000, 0x0000000085c00000, 0x0000000085d00000|  0%| F|  |TAMS 0x0000000085c00000, 0x0000000085c00000| Untracked 
|  71|0x0000000085d00000, 0x0000000085d00000, 0x0000000085e00000|  0%| F|  |TAMS 0x0000000085d00000, 0x0000000085d00000| Untracked 
|  72|0x0000000085e00000, 0x0000000085e00000, 0x0000000085f00000|  0%| F|  |TAMS 0x0000000085e00000, 0x0000000085e00000| Untracked 
|  73|0x0000000085f00000, 0x0000000085f00000, 0x0000000086000000|  0%| F|  |TAMS 0x0000000085f00000, 0x0000000085f00000| Untracked 
|  74|0x0000000086000000, 0x0000000086000000, 0x0000000086100000|  0%| F|  |TAMS 0x0000000086000000, 0x0000000086000000| Untracked 
|  75|0x0000000086100000, 0x0000000086100000, 0x0000000086200000|  0%| F|  |TAMS 0x0000000086100000, 0x0000000086100000| Untracked 
|  76|0x0000000086200000, 0x0000000086200000, 0x0000000086300000|  0%| F|  |TAMS 0x0000000086200000, 0x0000000086200000| Untracked 
|  77|0x0000000086300000, 0x0000000086300000, 0x0000000086400000|  0%| F|  |TAMS 0x0000000086300000, 0x0000000086300000| Untracked 
|  78|0x0000000086400000, 0x0000000086400000, 0x0000000086500000|  0%| F|  |TAMS 0x0000000086400000, 0x0000000086400000| Untracked 
|  79|0x0000000086500000, 0x0000000086500000, 0x0000000086600000|  0%| F|  |TAMS 0x0000000086500000, 0x0000000086500000| Untracked 
|  80|0x0000000086600000, 0x00000000866ba8f0, 0x0000000086700000| 72%| S|CS|TAMS 0x0000000086600000, 0x0000000086600000| Complete 
|  81|0x0000000086700000, 0x0000000086800000, 0x0000000086800000|100%| S|CS|TAMS 0x0000000086700000, 0x0000000086700000| Complete 
|  82|0x0000000086800000, 0x0000000086800000, 0x0000000086900000|  0%| F|  |TAMS 0x0000000086800000, 0x0000000086800000| Untracked 
|  83|0x0000000086900000, 0x0000000086900000, 0x0000000086a00000|  0%| F|  |TAMS 0x0000000086900000, 0x0000000086900000| Untracked 
|  84|0x0000000086a00000, 0x0000000086a00000, 0x0000000086b00000|  0%| F|  |TAMS 0x0000000086a00000, 0x0000000086a00000| Untracked 
|  85|0x0000000086b00000, 0x0000000086b00000, 0x0000000086c00000|  0%| F|  |TAMS 0x0000000086b00000, 0x0000000086b00000| Untracked 
|  86|0x0000000086c00000, 0x0000000086d00000, 0x0000000086d00000|100%| S|CS|TAMS 0x0000000086c00000, 0x0000000086c00000| Complete 
|  87|0x0000000086d00000, 0x0000000086e00000, 0x0000000086e00000|100%| S|CS|TAMS 0x0000000086d00000, 0x0000000086d00000| Complete 
|  88|0x0000000086e00000, 0x0000000086e00000, 0x0000000086f00000|  0%| F|  |TAMS 0x0000000086e00000, 0x0000000086e00000| Untracked 
|  89|0x0000000086f00000, 0x0000000086f00000, 0x0000000087000000|  0%| F|  |TAMS 0x0000000086f00000, 0x0000000086f00000| Untracked 
|  90|0x0000000087000000, 0x0000000087000000, 0x0000000087100000|  0%| F|  |TAMS 0x0000000087000000, 0x0000000087000000| Untracked 
|  91|0x0000000087100000, 0x0000000087100000, 0x0000000087200000|  0%| F|  |TAMS 0x0000000087100000, 0x0000000087100000| Untracked 
|  92|0x0000000087200000, 0x0000000087200000, 0x0000000087300000|  0%| F|  |TAMS 0x0000000087200000, 0x0000000087200000| Untracked 
|  93|0x0000000087300000, 0x0000000087300000, 0x0000000087400000|  0%| F|  |TAMS 0x0000000087300000, 0x0000000087300000| Untracked 
|  94|0x0000000087400000, 0x0000000087400000, 0x0000000087500000|  0%| F|  |TAMS 0x0000000087400000, 0x0000000087400000| Untracked 
|  95|0x0000000087500000, 0x0000000087500000, 0x0000000087600000|  0%| F|  |TAMS 0x0000000087500000, 0x0000000087500000| Untracked 
|  96|0x0000000087600000, 0x0000000087600000, 0x0000000087700000|  0%| F|  |TAMS 0x0000000087600000, 0x0000000087600000| Untracked 
|  97|0x0000000087700000, 0x0000000087700000, 0x0000000087800000|  0%| F|  |TAMS 0x0000000087700000, 0x0000000087700000| Untracked 
|  98|0x0000000087800000, 0x0000000087800000, 0x0000000087900000|  0%| F|  |TAMS 0x0000000087800000, 0x0000000087800000| Untracked 
|  99|0x0000000087900000, 0x0000000087900000, 0x0000000087a00000|  0%| F|  |TAMS 0x0000000087900000, 0x0000000087900000| Untracked 
| 100|0x0000000087a00000, 0x0000000087a00000, 0x0000000087b00000|  0%| F|  |TAMS 0x0000000087a00000, 0x0000000087a00000| Untracked 
| 101|0x0000000087b00000, 0x0000000087b00000, 0x0000000087c00000|  0%| F|  |TAMS 0x0000000087b00000, 0x0000000087b00000| Untracked 
| 102|0x0000000087c00000, 0x0000000087c00000, 0x0000000087d00000|  0%| F|  |TAMS 0x0000000087c00000, 0x0000000087c00000| Untracked 
| 103|0x0000000087d00000, 0x0000000087d00000, 0x0000000087e00000|  0%| F|  |TAMS 0x0000000087d00000, 0x0000000087d00000| Untracked 
| 104|0x0000000087e00000, 0x0000000087e00000, 0x0000000087f00000|  0%| F|  |TAMS 0x0000000087e00000, 0x0000000087e00000| Untracked 
| 105|0x0000000087f00000, 0x0000000087f00000, 0x0000000088000000|  0%| F|  |TAMS 0x0000000087f00000, 0x0000000087f00000| Untracked 
| 106|0x0000000088000000, 0x0000000088000000, 0x0000000088100000|  0%| F|  |TAMS 0x0000000088000000, 0x0000000088000000| Untracked 
| 107|0x0000000088100000, 0x0000000088100000, 0x0000000088200000|  0%| F|  |TAMS 0x0000000088100000, 0x0000000088100000| Untracked 
| 108|0x0000000088200000, 0x0000000088200000, 0x0000000088300000|  0%| F|  |TAMS 0x0000000088200000, 0x0000000088200000| Untracked 
| 109|0x0000000088300000, 0x0000000088300000, 0x0000000088400000|  0%| F|  |TAMS 0x0000000088300000, 0x0000000088300000| Untracked 
| 110|0x0000000088400000, 0x0000000088400000, 0x0000000088500000|  0%| F|  |TAMS 0x0000000088400000, 0x0000000088400000| Untracked 
| 111|0x0000000088500000, 0x0000000088500000, 0x0000000088600000|  0%| F|  |TAMS 0x0000000088500000, 0x0000000088500000| Untracked 
| 112|0x0000000088600000, 0x0000000088600000, 0x0000000088700000|  0%| F|  |TAMS 0x0000000088600000, 0x0000000088600000| Untracked 
| 113|0x0000000088700000, 0x0000000088700000, 0x0000000088800000|  0%| F|  |TAMS 0x0000000088700000, 0x0000000088700000| Untracked 
| 114|0x0000000088800000, 0x0000000088900000, 0x0000000088900000|100%| E|  |TAMS 0x0000000088800000, 0x0000000088800000| Complete 
| 115|0x0000000088900000, 0x0000000088a00000, 0x0000000088a00000|100%| E|CS|TAMS 0x0000000088900000, 0x0000000088900000| Complete 
| 116|0x0000000088a00000, 0x0000000088b00000, 0x0000000088b00000|100%| E|CS|TAMS 0x0000000088a00000, 0x0000000088a00000| Complete 
| 117|0x0000000088b00000, 0x0000000088c00000, 0x0000000088c00000|100%| E|CS|TAMS 0x0000000088b00000, 0x0000000088b00000| Complete 
| 118|0x0000000088c00000, 0x0000000088d00000, 0x0000000088d00000|100%| E|CS|TAMS 0x0000000088c00000, 0x0000000088c00000| Complete 
| 119|0x0000000088d00000, 0x0000000088e00000, 0x0000000088e00000|100%| E|CS|TAMS 0x0000000088d00000, 0x0000000088d00000| Complete 
| 127|0x0000000089500000, 0x0000000089600000, 0x0000000089600000|100%| E|CS|TAMS 0x0000000089500000, 0x0000000089500000| Complete 

Card table byte_map: [0x000000987e1a0000,0x000000987e5a0000] _byte_map_base: 0x000000987dd95000

Marking Bits (Prev, Next): (CMBitMap*) 0x00000098674f7e40, (CMBitMap*) 0x00000098674f7e00
 Prev Bits: [0x0000009801fb0000, 0x0000009803f58000)
 Next Bits: [0x0000009800000000, 0x0000009801fa8000)

Polling page: 0x0000009865220000

Metaspace:

Usage:
  Non-class:     59.19 MB used.
      Class:      7.52 MB used.
       Both:     66.72 MB used.

Virtual space:
  Non-class space:       64.00 MB reserved,      59.56 MB ( 93%) committed,  1 nodes.
      Class space:        1.00 GB reserved,       7.94 MB ( <1%) committed,  1 nodes.
             Both:        1.06 GB reserved,      67.50 MB (  6%) committed. 

Chunk freelists:
   Non-Class:  3.63 MB
       Class:  3.94 MB
        Both:  7.56 MB

MaxMetaspaceSize: unlimited
CompressedClassSpaceSize: 1.00 GB
Initial GC threshold: 21.00 MB
Current GC threshold: 92.63 MB
CDS: on
MetaspaceReclaimPolicy: balanced
 - commit_granule_bytes: 65536.
 - commit_granule_words: 8192.
 - virtual_space_node_default_size: 8388608.
 - enlarge_chunks_in_place: 1.
 - new_chunks_are_fully_committed: 0.
 - uncommit_free_chunks: 1.
 - use_allocation_guard: 0.


Internal statistics:

num_allocs_failed_limit: 9.
num_arena_births: 1378.
num_arena_deaths: 0.
num_vsnodes_births: 2.
num_vsnodes_deaths: 0.
num_space_committed: 1078.
num_space_uncommitted: 0.
num_chunks_returned_to_freelist: 9.
num_chunks_taken_from_freelist: 3989.
num_chunk_merges: 9.
num_chunk_splits: 3015.
num_chunks_enlarged: 2280.
num_inconsistent_stats: 0.

CodeHeap 'non-profiled nmethods': size=120000Kb used=4030Kb max_used=4032Kb free=115969Kb
 bounds [0x0000009876870000, 0x0000009876c70000, 0x000000987dda0000]
CodeHeap 'profiled nmethods': size=120000Kb used=22676Kb max_used=22676Kb free=97323Kb
 bounds [0x000000986f340000, 0x0000009870980000, 0x0000009876870000]
CodeHeap 'non-nmethods': size=5760Kb used=1412Kb max_used=1447Kb free=4347Kb
 bounds [0x000000986eda0000, 0x000000986f010000, 0x000000986f340000]
 total_blobs=9377 nmethods=8645 adapters=642
 compilation: enabled
              stopped_count=0, restarted_count=0
 full_count=0

Compilation events (20 events):
Event: 28.164 Thread 0x000000987f1729b0 10040       3       org.jetbrains.kotlin.backend.jvm.codegen.JvmSignatureClashDetector::trackFakeOverrideMethod (70 bytes)
Event: 28.166 Thread 0x000000987f1729b0 nmethod 10040 0x0000009870968090 code [0x00000098709683a0, 0x0000009870969408]
Event: 28.167 Thread 0x000000987f1729b0 10041       3       org.jetbrains.kotlin.psi2ir.generators.TypeTranslatorImpl::approximateType (38 bytes)
Event: 28.170 Thread 0x000000987f1729b0 nmethod 10041 0x0000009870969910 code [0x0000009870969da0, 0x000000987096bf18]
Event: 28.171 Thread 0x000000987f1729b0 10042       3       org.jetbrains.kotlin.types.AbstractTypeApproximator::isSpecial (18 bytes)
Event: 28.172 Thread 0x000000987f1729b0 nmethod 10042 0x000000987096ca10 code [0x000000987096cc20, 0x000000987096d2a8]
Event: 28.173 Thread 0x000000987f1729b0 10043       3       org.jetbrains.kotlin.resolve.calls.components.ClassicTypeSystemContextForCS::isSpecial (6 bytes)
Event: 28.174 Thread 0x000000987f1729b0 nmethod 10043 0x000000987096d510 code [0x000000987096d760, 0x000000987096e0e8]
Event: 28.174 Thread 0x000000987f1729b0 10044       3       org.jetbrains.kotlin.types.AbstractTypeApproximator::isError (18 bytes)
Event: 28.175 Thread 0x000000987f1729b0 nmethod 10044 0x000000987096e410 code [0x000000987096e620, 0x000000987096eca8]
Event: 28.178 Thread 0x000000987f1729b0 10045       3       org.jetbrains.kotlin.resolve.constants.StringValue::<init> (12 bytes)
Event: 28.179 Thread 0x000000987f1729b0 nmethod 10045 0x000000987096ef10 code [0x000000987096f120, 0x000000987096f7f8]
Event: 28.180 Thread 0x000000987f1729b0 10046       3       org.jetbrains.kotlin.load.java.lazy.descriptors.LazyJavaClassDescriptor::getConstructors (16 bytes)
Event: 28.181 Thread 0x000000987f1729b0 nmethod 10046 0x00000098704f7b90 code [0x00000098704f7d40, 0x00000098704f8048]
Event: 28.181 Thread 0x000000987f1729b0 10047       3       org.jetbrains.kotlin.load.java.lazy.descriptors.LazyJavaClassDescriptor::getConstructors (8 bytes)
Event: 28.181 Thread 0x000000987f1729b0 nmethod 10047 0x0000009870516990 code [0x0000009870516b60, 0x0000009870516fc8]
Event: 28.187 Thread 0x000000987f1729b0 10048       1       org.jetbrains.kotlin.ir.expressions.impl.IrVarargImpl::getElements (5 bytes)
Event: 28.187 Thread 0x000000987f1729b0 nmethod 10048 0x0000009876b33d10 code [0x0000009876b33ea0, 0x0000009876b33f78]
Event: 28.197 Thread 0x000000987f1729b0 10050       1       org.jetbrains.org.objectweb.asm.tree.LabelNode::getType (3 bytes)
Event: 28.197 Thread 0x000000987f1729b0 nmethod 10050 0x0000009876b33a10 code [0x0000009876b33ba0, 0x0000009876b33c78]

GC Heap History (20 events):
Event: 10.187 GC heap before
{Heap before GC invocations=7 (full 0):
 garbage-first heap   total 65536K, used 47019K [0x0000000081600000, 0x0000000100000000)
  region size 1024K, 23 young (23552K), 3 survivors (3072K)
 Metaspace       used 33300K, committed 33856K, reserved 1114112K
  class space    used 4204K, committed 4480K, reserved 1048576K
}
Event: 10.214 GC heap after
{Heap after GC invocations=8 (full 0):
 garbage-first heap   total 131072K, used 28755K [0x0000000081600000, 0x0000000100000000)
  region size 1024K, 3 young (3072K), 3 survivors (3072K)
 Metaspace       used 33300K, committed 33856K, reserved 1114112K
  class space    used 4204K, committed 4480K, reserved 1048576K
}
Event: 11.491 GC heap before
{Heap before GC invocations=8 (full 0):
 garbage-first heap   total 131072K, used 42067K [0x0000000081600000, 0x0000000100000000)
  region size 1024K, 17 young (17408K), 3 survivors (3072K)
 Metaspace       used 35557K, committed 36288K, reserved 1114112K
  class space    used 4503K, committed 4864K, reserved 1048576K
}
Event: 11.511 GC heap after
{Heap after GC invocations=9 (full 0):
 garbage-first heap   total 131072K, used 29523K [0x0000000081600000, 0x0000000100000000)
  region size 1024K, 3 young (3072K), 3 survivors (3072K)
 Metaspace       used 35557K, committed 36288K, reserved 1114112K
  class space    used 4503K, committed 4864K, reserved 1048576K
}
Event: 14.511 GC heap before
{Heap before GC invocations=10 (full 0):
 garbage-first heap   total 102400K, used 90963K [0x0000000081600000, 0x0000000100000000)
  region size 1024K, 60 young (61440K), 3 survivors (3072K)
 Metaspace       used 44941K, committed 45696K, reserved 1114112K
  class space    used 5435K, committed 5824K, reserved 1048576K
}
Event: 14.534 GC heap after
{Heap after GC invocations=11 (full 0):
 garbage-first heap   total 102400K, used 39673K [0x0000000081600000, 0x0000000100000000)
  region size 1024K, 8 young (8192K), 8 survivors (8192K)
 Metaspace       used 44941K, committed 45696K, reserved 1114112K
  class space    used 5435K, committed 5824K, reserved 1048576K
}
Event: 15.304 GC heap before
{Heap before GC invocations=11 (full 0):
 garbage-first heap   total 102400K, used 77561K [0x0000000081600000, 0x0000000100000000)
  region size 1024K, 45 young (46080K), 8 survivors (8192K)
 Metaspace       used 45516K, committed 46272K, reserved 1114112K
  class space    used 5448K, committed 5824K, reserved 1048576K
}
Event: 15.341 GC heap after
{Heap after GC invocations=12 (full 0):
 garbage-first heap   total 102400K, used 43877K [0x0000000081600000, 0x0000000100000000)
  region size 1024K, 4 young (4096K), 4 survivors (4096K)
 Metaspace       used 45516K, committed 46272K, reserved 1114112K
  class space    used 5448K, committed 5824K, reserved 1048576K
}
Event: 16.323 GC heap before
{Heap before GC invocations=12 (full 0):
 garbage-first heap   total 102400K, used 78693K [0x0000000081600000, 0x0000000100000000)
  region size 1024K, 38 young (38912K), 4 survivors (4096K)
 Metaspace       used 47447K, committed 48192K, reserved 1114112K
  class space    used 5642K, committed 6016K, reserved 1048576K
}
Event: 16.345 GC heap after
{Heap after GC invocations=13 (full 0):
 garbage-first heap   total 102400K, used 48439K [0x0000000081600000, 0x0000000100000000)
  region size 1024K, 5 young (5120K), 5 survivors (5120K)
 Metaspace       used 47447K, committed 48192K, reserved 1114112K
  class space    used 5642K, committed 6016K, reserved 1048576K
}
Event: 19.077 GC heap before
{Heap before GC invocations=13 (full 0):
 garbage-first heap   total 102400K, used 79159K [0x0000000081600000, 0x0000000100000000)
  region size 1024K, 35 young (35840K), 5 survivors (5120K)
 Metaspace       used 50541K, committed 51264K, reserved 1114112K
  class space    used 5956K, committed 6336K, reserved 1048576K
}
Event: 19.113 GC heap after
{Heap after GC invocations=14 (full 0):
 garbage-first heap   total 102400K, used 52337K [0x0000000081600000, 0x0000000100000000)
  region size 1024K, 4 young (4096K), 4 survivors (4096K)
 Metaspace       used 50541K, committed 51264K, reserved 1114112K
  class space    used 5956K, committed 6336K, reserved 1048576K
}
Event: 20.923 GC heap before
{Heap before GC invocations=14 (full 0):
 garbage-first heap   total 102400K, used 79985K [0x0000000081600000, 0x0000000100000000)
  region size 1024K, 31 young (31744K), 4 survivors (4096K)
 Metaspace       used 55496K, committed 56192K, reserved 1114112K
  class space    used 6416K, committed 6784K, reserved 1048576K
}
Event: 20.952 GC heap after
{Heap after GC invocations=15 (full 0):
 garbage-first heap   total 123904K, used 55550K [0x0000000081600000, 0x0000000100000000)
  region size 1024K, 3 young (3072K), 3 survivors (3072K)
 Metaspace       used 55496K, committed 56192K, reserved 1114112K
  class space    used 6416K, committed 6784K, reserved 1048576K
}
Event: 24.081 GC heap before
{Heap before GC invocations=16 (full 0):
 garbage-first heap   total 123904K, used 96510K [0x0000000081600000, 0x0000000100000000)
  region size 1024K, 43 young (44032K), 3 survivors (3072K)
 Metaspace       used 57202K, committed 58048K, reserved 1114112K
  class space    used 6618K, committed 7040K, reserved 1048576K
}
Event: 24.120 GC heap after
{Heap after GC invocations=17 (full 0):
 garbage-first heap   total 123904K, used 61012K [0x0000000081600000, 0x0000000100000000)
  region size 1024K, 6 young (6144K), 6 survivors (6144K)
 Metaspace       used 57202K, committed 58048K, reserved 1114112K
  class space    used 6618K, committed 7040K, reserved 1048576K
}
Event: 26.169 GC heap before
{Heap before GC invocations=17 (full 0):
 garbage-first heap   total 123904K, used 96852K [0x0000000081600000, 0x0000000100000000)
  region size 1024K, 41 young (41984K), 6 survivors (6144K)
 Metaspace       used 62127K, committed 62912K, reserved 1114112K
  class space    used 7152K, committed 7552K, reserved 1048576K
}
Event: 26.207 GC heap after
{Heap after GC invocations=18 (full 0):
 garbage-first heap   total 123904K, used 64832K [0x0000000081600000, 0x0000000100000000)
  region size 1024K, 4 young (4096K), 4 survivors (4096K)
 Metaspace       used 62127K, committed 62912K, reserved 1114112K
  class space    used 7152K, committed 7552K, reserved 1048576K
}
Event: 27.858 GC heap before
{Heap before GC invocations=18 (full 0):
 garbage-first heap   total 123904K, used 98624K [0x0000000081600000, 0x0000000100000000)
  region size 1024K, 37 young (37888K), 4 survivors (4096K)
 Metaspace       used 67901K, committed 68736K, reserved 1114112K
  class space    used 7683K, committed 8128K, reserved 1048576K
}
Event: 27.889 GC heap after
{Heap after GC invocations=19 (full 0):
 garbage-first heap   total 123904K, used 68687K [0x0000000081600000, 0x0000000100000000)
  region size 1024K, 4 young (4096K), 4 survivors (4096K)
 Metaspace       used 67901K, committed 68736K, reserved 1114112K
  class space    used 7683K, committed 8128K, reserved 1048576K
}

Deoptimization events (20 events):
Event: 27.792 Thread 0x00000098674975e0 Uncommon trap: trap_request=0xffffffc6 fr.pc=0x0000009876acea74 relative=0x0000000000000974
Event: 27.793 Thread 0x00000098674975e0 Uncommon trap: reason=bimorphic_or_optimized_type_check action=maybe_recompile pc=0x0000009876acea74 method=gnu.trove.TObjectHash.index(Ljava/lang/Object;)I @ 64 c2
Event: 27.793 Thread 0x00000098674975e0 DEOPT PACKING pc=0x0000009876acea74 sp=0x0000009866c2d470
Event: 27.793 Thread 0x00000098674975e0 DEOPT UNPACKING pc=0x000000986edf23a3 sp=0x0000009866c2d3f0 mode 2
Event: 27.793 Thread 0x00000098674975e0 Uncommon trap: trap_request=0xffffffc6 fr.pc=0x0000009876acea74 relative=0x0000000000000974
Event: 27.793 Thread 0x00000098674975e0 Uncommon trap: reason=bimorphic_or_optimized_type_check action=maybe_recompile pc=0x0000009876acea74 method=gnu.trove.TObjectHash.index(Ljava/lang/Object;)I @ 64 c2
Event: 27.793 Thread 0x00000098674975e0 DEOPT PACKING pc=0x0000009876acea74 sp=0x0000009866c2d440
Event: 27.793 Thread 0x00000098674975e0 DEOPT UNPACKING pc=0x000000986edf23a3 sp=0x0000009866c2d3d0 mode 2
Event: 27.803 Thread 0x00000098674975e0 Uncommon trap: trap_request=0xffffffde fr.pc=0x00000098769bc6a4 relative=0x00000000000002e4
Event: 27.803 Thread 0x00000098674975e0 Uncommon trap: reason=class_check action=maybe_recompile pc=0x00000098769bc6a4 method=java.lang.AbstractStringBuilder.append(Ljava/lang/CharSequence;)Ljava/lang/AbstractStringBuilder; @ 10 c2
Event: 27.803 Thread 0x00000098674975e0 DEOPT PACKING pc=0x00000098769bc6a4 sp=0x0000009866c2ce50
Event: 27.803 Thread 0x00000098674975e0 DEOPT UNPACKING pc=0x000000986edf23a3 sp=0x0000009866c2ce30 mode 2
Event: 27.816 Thread 0x00000098674975e0 Uncommon trap: trap_request=0xffffff45 fr.pc=0x0000009876c354d4 relative=0x00000000000009f4
Event: 27.816 Thread 0x00000098674975e0 Uncommon trap: reason=unstable_if action=reinterpret pc=0x0000009876c354d4 method=org.jetbrains.kotlin.utils.SmartSet.add(Ljava/lang/Object;)Z @ 32 c2
Event: 27.816 Thread 0x00000098674975e0 DEOPT PACKING pc=0x0000009876c354d4 sp=0x0000009866c2df80
Event: 27.816 Thread 0x00000098674975e0 DEOPT UNPACKING pc=0x000000986edf23a3 sp=0x0000009866c2df58 mode 2
Event: 28.210 Thread 0x00000098674975e0 Uncommon trap: trap_request=0xffffff45 fr.pc=0x0000009876c5ba98 relative=0x00000000000000f8
Event: 28.210 Thread 0x00000098674975e0 Uncommon trap: reason=unstable_if action=reinterpret pc=0x0000009876c5ba98 method=java.lang.StringLatin1.lastIndexOf([BI[BII)I @ 32 c2
Event: 28.210 Thread 0x00000098674975e0 DEOPT PACKING pc=0x0000009876c5ba98 sp=0x0000009866c2de80
Event: 28.210 Thread 0x00000098674975e0 DEOPT UNPACKING pc=0x000000986edf23a3 sp=0x0000009866c2dce0 mode 2

Classes loaded (20 events):
Event: 26.371 Loading class java/lang/constant/DirectMethodHandleDescImpl
Event: 26.371 Loading class java/lang/constant/DirectMethodHandleDesc
Event: 26.371 Loading class java/lang/constant/DirectMethodHandleDesc done
Event: 26.371 Loading class java/lang/constant/DirectMethodHandleDescImpl done
Event: 26.371 Loading class java/lang/constant/DirectMethodHandleDescImpl$1
Event: 26.371 Loading class java/lang/constant/DirectMethodHandleDescImpl$1 done
Event: 26.371 Loading class java/lang/constant/DirectMethodHandleDesc$1
Event: 26.372 Loading class java/lang/constant/DirectMethodHandleDesc$1 done
Event: 26.372 Loading class java/lang/constant/PrimitiveClassDescImpl
Event: 26.372 Loading class java/lang/constant/DynamicConstantDesc
Event: 26.372 Loading class java/lang/constant/DynamicConstantDesc done
Event: 26.372 Loading class java/lang/constant/PrimitiveClassDescImpl done
Event: 26.373 Loading class java/lang/constant/DynamicConstantDesc$AnonymousDynamicConstantDesc
Event: 26.373 Loading class java/lang/constant/DynamicConstantDesc$AnonymousDynamicConstantDesc done
Event: 26.373 Loading class sun/security/provider/ByteArrayAccess
Event: 26.373 Loading class sun/security/provider/ByteArrayAccess done
Event: 26.374 Loading class java/util/Base64
Event: 26.390 Loading class java/util/Base64 done
Event: 26.390 Loading class java/util/Base64$Encoder
Event: 26.400 Loading class java/util/Base64$Encoder done

Classes unloaded (0 events):
No events

Classes redefined (0 events):
No events

Internal exceptions (20 events):
Event: 11.636 Thread 0x00000098674975e0 Exception <a 'java/lang/NoSuchMethodError'{0x00000000895d4fa0}: 'java.lang.Object java.lang.invoke.DirectMethodHandle$Holder.newInvokeSpecial(java.lang.Object, java.lang.Object, int)'> (0x00000000895d4fa0) 
thrown [s\open\src\hotspot\share\interpreter\linkResolver.cpp, line 766]
Event: 12.161 Thread 0x00000098674975e0 Exception <a 'java/lang/NoSuchMethodError'{0x000000008723d828}: 'java.lang.Object java.lang.invoke.DirectMethodHandle$Holder.newInvokeSpecial(java.lang.Object, java.lang.Object, java.lang.Object, int)'> (0x000000008723d828) 
thrown [s\open\src\hotspot\share\interpreter\linkResolver.cpp, line 766]
Event: 12.165 Thread 0x00000098674975e0 Exception <a 'java/lang/NoSuchMethodError'{0x0000000087241be0}: 'java.lang.Object java.lang.invoke.DirectMethodHandle$Holder.invokeSpecial(java.lang.Object, java.lang.Object, java.lang.Object, java.lang.Object, int)'> (0x0000000087241be0) 
thrown [s\open\src\hotspot\share\interpreter\linkResolver.cpp, line 766]
Event: 12.166 Thread 0x00000098674975e0 Exception <a 'java/lang/NoSuchMethodError'{0x0000000087245590}: 'java.lang.Object java.lang.invoke.Invokers$Holder.linkToTargetMethod(java.lang.Object, java.lang.Object, int, java.lang.Object)'> (0x0000000087245590) 
thrown [s\open\src\hotspot\share\interpreter\linkResolver.cpp, line 766]
Event: 14.015 Thread 0x00000098674975e0 Exception <a 'java/lang/NoSuchMethodError'{0x0000000084df2c08}: 'java.lang.Object java.lang.invoke.DirectMethodHandle$Holder.invokeStaticInit(java.lang.Object, java.lang.Object, java.lang.Object)'> (0x0000000084df2c08) 
thrown [s\open\src\hotspot\share\interpreter\linkResolver.cpp, line 766]
Event: 15.203 Thread 0x00000098674975e0 Implicit null exception at 0x00000098768cb1ea to 0x00000098768cb3ac
Event: 15.203 Thread 0x00000098674975e0 Implicit null exception at 0x0000009876a3810f to 0x0000009876a38189
Event: 15.477 Thread 0x00000098674975e0 Exception <a 'java/lang/NoSuchMethodError'{0x00000000885f2848}: 'int java.lang.invoke.DirectMethodHandle$Holder.invokeStaticInit(java.lang.Object, int)'> (0x00000000885f2848) 
thrown [s\open\src\hotspot\share\interpreter\linkResolver.cpp, line 766]
Event: 16.250 Thread 0x00000098674975e0 Implicit null exception at 0x0000009876ac90f5 to 0x0000009876aca060
Event: 16.250 Thread 0x00000098674975e0 Implicit null exception at 0x0000009876abfa1b to 0x0000009876ac0132
Event: 17.508 Thread 0x00000098674975e0 Exception <a 'java/lang/NoSuchMethodError'{0x0000000086a2b878}: 'java.lang.Object java.lang.invoke.DirectMethodHandle$Holder.newInvokeSpecial(java.lang.Object, int, java.lang.Object)'> (0x0000000086a2b878) 
thrown [s\open\src\hotspot\share\interpreter\linkResolver.cpp, line 766]
Event: 17.864 Thread 0x00000098674975e0 Exception <a 'java/lang/NoSuchMethodError'{0x00000000869385c8}: 'java.lang.Object java.lang.invoke.Invokers$Holder.linkToTargetMethod(java.lang.Object, java.lang.Object, java.lang.Object, java.lang.Object, java.lang.Object, java.lang.Object, java.lang.Object)'> (0x00000000869385c8) 
thrown [s\open\src\hotspot\share\interpreter\linkResolver.cpp, line 766]
Event: 18.466 Thread 0x00000098674975e0 Exception <a 'java/lang/NoSuchMethodError'{0x00000000863d2950}: 'java.lang.Object java.lang.invoke.DirectMethodHandle$Holder.invokeInterface(java.lang.Object, java.lang.Object, java.lang.Object)'> (0x00000000863d2950) 
thrown [s\open\src\hotspot\share\interpreter\linkResolver.cpp, line 766]
Event: 18.467 Thread 0x00000098674975e0 Exception <a 'java/lang/IncompatibleClassChangeError'{0x00000000863d6ab0}: Found class java.lang.Object, but interface was expected> (0x00000000863d6ab0) 
thrown [s\open\src\hotspot\share\interpreter\linkResolver.cpp, line 833]
Event: 18.767 Thread 0x00000098674975e0 Implicit null exception at 0x00000098769020ea to 0x00000098769022ac
Event: 19.625 Thread 0x00000098674975e0 Exception <a 'java/lang/NoSuchMethodError'{0x00000000871e7a38}: 'int java.lang.invoke.DirectMethodHandle$Holder.invokeStaticInit(java.lang.Object, java.lang.Object, java.lang.Object, java.lang.Object)'> (0x00000000871e7a38) 
thrown [s\open\src\hotspot\share\interpreter\linkResolver.cpp, line 766]
Event: 19.791 Thread 0x00000098674975e0 Exception <a 'java/lang/NoSuchMethodError'{0x0000000086e9b910}: 'java.lang.Object java.lang.invoke.DirectMethodHandle$Holder.newInvokeSpecial(java.lang.Object, java.lang.Object, java.lang.Object, int, int)'> (0x0000000086e9b910) 
thrown [s\open\src\hotspot\share\interpreter\linkResolver.cpp, line 766]
Event: 20.645 Thread 0x00000098674975e0 Exception <a 'java/lang/NoSuchMethodError'{0x000000008640edf0}: 'java.lang.Object java.lang.invoke.DirectMethodHandle$Holder.invokeSpecial(java.lang.Object, java.lang.Object, int, int, java.lang.Object, java.lang.Object, java.lang.Object, java.lang.Object, java.lang.Object)'> (0x000000008640edf0) 
thrown [s\open\src\hotspot\share\interpreter\linkResolver.cpp, line 766]
Event: 25.372 Thread 0x00000098674975e0 Implicit null exception at 0x00000098768e0ced to 0x00000098768e0f10
Event: 27.378 Thread 0x00000098674975e0 Implicit null exception at 0x0000009876983235 to 0x0000009876983452

VM Operations (20 events):
Event: 27.370 Executing VM operation: HandshakeAllThreads
Event: 27.370 Executing VM operation: HandshakeAllThreads done
Event: 27.374 Executing VM operation: ICBufferFull
Event: 27.374 Executing VM operation: ICBufferFull done
Event: 27.515 Executing VM operation: ICBufferFull
Event: 27.515 Executing VM operation: ICBufferFull done
Event: 27.586 Executing VM operation: HandshakeAllThreads
Event: 27.586 Executing VM operation: HandshakeAllThreads done
Event: 27.596 Executing VM operation: HandshakeAllThreads
Event: 27.596 Executing VM operation: HandshakeAllThreads done
Event: 27.598 Executing VM operation: HandshakeAllThreads
Event: 27.598 Executing VM operation: HandshakeAllThreads done
Event: 27.629 Executing VM operation: HandshakeAllThreads
Event: 27.629 Executing VM operation: HandshakeAllThreads done
Event: 27.729 Executing VM operation: HandshakeAllThreads
Event: 27.729 Executing VM operation: HandshakeAllThreads done
Event: 27.858 Executing VM operation: G1CollectForAllocation
Event: 27.890 Executing VM operation: G1CollectForAllocation done
Event: 28.195 Executing VM operation: ICBufferFull
Event: 28.195 Executing VM operation: ICBufferFull done

Events (20 events):
Event: 26.118 Thread 0x000000987f183b60 flushing nmethod 0x000000987040d310
Event: 26.118 Thread 0x000000987f183b60 flushing nmethod 0x0000009870422390
Event: 26.118 Thread 0x000000987f183b60 flushing nmethod 0x0000009870423810
Event: 26.118 Thread 0x000000987f183b60 flushing nmethod 0x0000009870425590
Event: 26.118 Thread 0x000000987f183b60 flushing nmethod 0x000000987047b510
Event: 26.118 Thread 0x000000987f183b60 flushing nmethod 0x00000098704ad190
Event: 26.118 Thread 0x000000987f183b60 flushing nmethod 0x00000098704afe90
Event: 26.119 Thread 0x000000987f183b60 flushing nmethod 0x00000098704f7b90
Event: 26.119 Thread 0x000000987f183b60 flushing nmethod 0x0000009870516990
Event: 26.119 Thread 0x000000987f183b60 flushing nmethod 0x0000009870520910
Event: 26.119 Thread 0x000000987f183b60 flushing nmethod 0x000000987053b610
Event: 26.120 Thread 0x000000987f183b60 flushing nmethod 0x000000987064c890
Event: 26.120 Thread 0x000000987f183b60 flushing nmethod 0x000000987064cc90
Event: 26.120 Thread 0x000000987f183b60 flushing nmethod 0x000000987064f110
Event: 26.120 Thread 0x000000987f183b60 flushing nmethod 0x0000009870677710
Event: 26.120 Thread 0x000000987f183b60 flushing nmethod 0x000000987068d610
Event: 26.121 Thread 0x000000987f183b60 flushing nmethod 0x000000987072e190
Event: 26.270 Thread 0x000000980c88b650 Thread added: 0x000000980c88b650
Event: 27.804 Thread 0x000000980c88b650 Thread exited: 0x000000980c88b650
Event: 28.011 Thread 0x000000980c88bb60 Thread added: 0x000000980c88bb60


Dynamic libraries:
0x00007ff73ec70000 - 0x00007ff73ec80000 	C:\Program Files\Java\jdk-18.0.1.1\bin\java.exe
0x00007ffa92c50000 - 0x00007ffa92dfd000 	C:\Windows\SYSTEM32\ntdll.dll
0x00007ffa926e0000 - 0x00007ffa9281a000 	C:\Windows\system32\KERNEL32.DLL
0x00007ffa90140000 - 0x00007ffa90256000 	C:\Windows\system32\KERNELBASE.dll
0x00007ffa82160000 - 0x00007ffa82178000 	C:\Program Files\Java\jdk-18.0.1.1\bin\jli.dll
0x00007ffa81a10000 - 0x00007ffa81a2a000 	C:\Program Files\Java\jdk-18.0.1.1\bin\VCRUNTIME140.dll
0x00007ffa8d900000 - 0x00007ffa8d904000 	C:\Program Files\Java\jdk-18.0.1.1\bin\api-ms-win-crt-stdio-l1-1-0.dll
0x00007ffa835c0000 - 0x00007ffa835c4000 	C:\Program Files\Java\jdk-18.0.1.1\bin\api-ms-win-crt-runtime-l1-1-0.dll
0x00007ffa82270000 - 0x00007ffa82273000 	C:\Program Files\Java\jdk-18.0.1.1\bin\api-ms-win-crt-environment-l1-1-0.dll
0x00007ffa821a0000 - 0x00007ffa821a5000 	C:\Program Files\Java\jdk-18.0.1.1\bin\api-ms-win-crt-math-l1-1-0.dll
0x00007ffa81a00000 - 0x00007ffa81a03000 	C:\Program Files\Java\jdk-18.0.1.1\bin\api-ms-win-crt-locale-l1-1-0.dll
0x00007ffa81780000 - 0x00007ffa81783000 	C:\Program Files\Java\jdk-18.0.1.1\bin\api-ms-win-crt-heap-l1-1-0.dll
0x00007ffa90350000 - 0x00007ffa903fa000 	C:\Windows\system32\ADVAPI32.dll
0x00007ffa8bc70000 - 0x00007ffa8beea000 	C:\Windows\WinSxS\amd64_microsoft.windows.common-controls_6595b64144ccf1df_6.0.9600.17810_none_6240b9c7ecbd0bda\COMCTL32.dll
0x00007ffa92500000 - 0x00007ffa92677000 	C:\Windows\system32\USER32.dll
0x00007ffa88ea0000 - 0x00007ffa88eaa000 	C:\Windows\SYSTEM32\VERSION.dll
0x00007ffa7fd30000 - 0x00007ffa7fd33000 	C:\Program Files\Java\jdk-18.0.1.1\bin\api-ms-win-crt-filesystem-l1-1-0.dll
0x00007ffa7fcb0000 - 0x00007ffa7fcb4000 	C:\Program Files\Java\jdk-18.0.1.1\bin\api-ms-win-crt-string-l1-1-0.dll
0x00007ffa7f600000 - 0x00007ffa7f604000 	C:\Program Files\Java\jdk-18.0.1.1\bin\api-ms-win-crt-convert-l1-1-0.dll
0x00007ffa92820000 - 0x00007ffa928c7000 	C:\Windows\system32\msvcrt.dll
0x00007ffa92b80000 - 0x00007ffa92bd9000 	C:\Windows\SYSTEM32\sechost.dll
0x00007ffa92280000 - 0x00007ffa923c0000 	C:\Windows\system32\RPCRT4.dll
0x00007ffa91f90000 - 0x00007ffa920db000 	C:\Windows\system32\GDI32.dll
0x00007ffa78690000 - 0x00007ffa7878a000 	C:\Program Files\Java\jdk-18.0.1.1\bin\ucrtbase.DLL
0x00007ffa8ff30000 - 0x00007ffa8ff5e000 	C:\Windows\system32\SspiCli.dll
0x00007ffa90310000 - 0x00007ffa90344000 	C:\Windows\system32\IMM32.DLL
0x00007ffa91e30000 - 0x00007ffa91f81000 	C:\Windows\system32\MSCTF.dll
0x00007ffa7f5f0000 - 0x00007ffa7f5fc000 	C:\Program Files\Java\jdk-18.0.1.1\bin\vcruntime140_1.dll
0x00007ffa7f490000 - 0x00007ffa7f51d000 	C:\Program Files\Java\jdk-18.0.1.1\bin\msvcp140.dll
0x00007ffa7f020000 - 0x00007ffa7f023000 	C:\Program Files\Java\jdk-18.0.1.1\bin\api-ms-win-crt-time-l1-1-0.dll
0x00007ffa7cf70000 - 0x00007ffa7cf73000 	C:\Program Files\Java\jdk-18.0.1.1\bin\api-ms-win-crt-utility-l1-1-0.dll
0x00007ffa69f10000 - 0x00007ffa6ab20000 	C:\Program Files\Java\jdk-18.0.1.1\bin\server\jvm.dll
0x00007ffa8baf0000 - 0x00007ffa8baf9000 	C:\Windows\SYSTEM32\WSOCK32.dll
0x00007ffa8a870000 - 0x00007ffa8a88f000 	C:\Windows\SYSTEM32\WINMM.dll
0x00007ffa924f0000 - 0x00007ffa924f7000 	C:\Windows\system32\PSAPI.DLL
0x00007ffa92480000 - 0x00007ffa924da000 	C:\Windows\system32\WS2_32.dll
0x00007ffa8a810000 - 0x00007ffa8a83a000 	C:\Windows\SYSTEM32\WINMMBASE.dll
0x00007ffa92470000 - 0x00007ffa92479000 	C:\Windows\system32\NSI.dll
0x00007ffa902c0000 - 0x00007ffa9030a000 	C:\Windows\SYSTEM32\cfgmgr32.dll
0x00007ffa8ebf0000 - 0x00007ffa8ec16000 	C:\Windows\SYSTEM32\DEVOBJ.dll
0x00007ffa7cf60000 - 0x00007ffa7cf6a000 	C:\Program Files\Java\jdk-18.0.1.1\bin\jimage.dll
0x00007ffa7a3d0000 - 0x00007ffa7a558000 	C:\Windows\SYSTEM32\DBGHELP.DLL
0x00007ffa7b8b0000 - 0x00007ffa7b8d5000 	C:\Program Files\Java\jdk-18.0.1.1\bin\java.dll
0x00007ffa785b0000 - 0x00007ffa78686000 	C:\Program Files\Java\jdk-18.0.1.1\bin\jsvml.dll
0x00007ffa90400000 - 0x00007ffa9192c000 	C:\Windows\system32\SHELL32.dll
0x00007ffa919b0000 - 0x00007ffa91bc2000 	C:\Windows\SYSTEM32\combase.dll
0x00007ffa92be0000 - 0x00007ffa92c31000 	C:\Windows\system32\SHLWAPI.dll
0x00007ffa8df10000 - 0x00007ffa8dfaf000 	C:\Windows\SYSTEM32\SHCORE.dll
0x00007ffa8fdb0000 - 0x00007ffa8fdc4000 	C:\Windows\SYSTEM32\profapi.dll
0x00007ffa7cf00000 - 0x00007ffa7cf13000 	C:\Program Files\Java\jdk-18.0.1.1\bin\net.dll
0x00007ffa87ff0000 - 0x00007ffa880b7000 	C:\Windows\SYSTEM32\WINHTTP.dll
0x00007ffa8f660000 - 0x00007ffa8f6b9000 	C:\Windows\system32\mswsock.dll
0x00007ffa7cd90000 - 0x00007ffa7cda6000 	C:\Program Files\Java\jdk-18.0.1.1\bin\nio.dll
0x00007ffa7c250000 - 0x00007ffa7c268000 	C:\Program Files\Java\jdk-18.0.1.1\bin\zip.dll
0x00007ffa7c4a0000 - 0x00007ffa7c4b0000 	C:\Program Files\Java\jdk-18.0.1.1\bin\verify.dll

dbghelp: loaded successfully - version: 4.0.5 - missing functions: none
symbol engine: initialized successfully - sym options: 0x614 - pdb path: .;C:\Program Files\Java\jdk-18.0.1.1\bin;C:\Windows\SYSTEM32;C:\Windows\WinSxS\amd64_microsoft.windows.common-controls_6595b64144ccf1df_6.0.9600.17810_none_6240b9c7ecbd0bda;C:\Program Files\Java\jdk-18.0.1.1\bin\server

VM Arguments:
java_command: org.jetbrains.kotlin.cli.jvm.K2JVMCompiler @E:\NewsAssignmentZevo\app\build\20230726_7917615292470509331.compiler.options
java_class_path (initial): C:\Users\Deependra\.gradle\caches\modules-2\files-2.1\org.jetbrains.kotlin\kotlin-compiler-embeddable\1.7.20\8db18559a581dd2c36ddfd5046af145650f5b126\kotlin-compiler-embeddable-1.7.20.jar;C:\Users\Deependra\.gradle\caches\modules-2\files-2.1\org.jetbrains.kotlin\kotlin-reflect\1.7.20\12b2501e33bb6373e8e347c86d85481863629381\kotlin-reflect-1.7.20.jar;C:\Users\Deependra\.gradle\caches\modules-2\files-2.1\org.jetbrains.kotlin\kotlin-stdlib\1.7.20\726594ea9ba2beb2ee113647fefa9a10f9fabe52\kotlin-stdlib-1.7.20.jar;C:\Users\Deependra\.gradle\caches\modules-2\files-2.1\org.jetbrains.kotlin\kotlin-script-runtime\1.7.20\bcd1cc6f865e632550357fcc59f5ffd532615a8\kotlin-script-runtime-1.7.20.jar;C:\Users\Deependra\.gradle\caches\modules-2\files-2.1\org.jetbrains.kotlin\kotlin-daemon-embeddable\1.7.20\1e24355adad8d529d75d5b19eab55484057431ba\kotlin-daemon-embeddable-1.7.20.jar;C:\Users\Deependra\.gradle\caches\modules-2\files-2.1\org.jetbrains.intellij.deps\trove4j\1.0.20200330\3afb14d5f9ceb459d724e907a21145e8ff394f02\trove4j-1.0.20200330.jar;C:\Users\Deependra\.gradle\caches\modules-2\files-2.1\net.java.dev.jna\jna\5.6.0\330f2244e9030119ab3030fc3fededc86713d9cc\jna-5.6.0.jar;C:\Users\Deependra\.gradle\caches\modules-2\files-2.1\org.jetbrains.kotlin\kotlin-stdlib-common\1.7.20\e15351bdaf9fa06f009be5da7a202e4184f00ae3\kotlin-stdlib-common-1.7.20.jar;C:\Users\Deependra\.gradle\caches\modules-2\files-2.1\org.jetbrains\annotations\13.0\919f0dfe192fb4e063e7dacadee7f8bb9a2672a9\annotations-13.0.jar
Launcher Type: SUN_STANDARD

[Global flags]
     intx CICompilerCount                          = 3                                         {product} {ergonomic}
     uint ConcGCThreads                            = 1                                         {product} {ergonomic}
     uint G1ConcRefinementThreads                  = 4                                         {product} {ergonomic}
   size_t G1HeapRegionSize                         = 1048576                                   {product} {ergonomic}
    uintx GCDrainStackTargetSize                   = 64                                        {product} {ergonomic}
   size_t InitialHeapSize                          = 134217728                                 {product} {ergonomic}
   size_t MarkStackSize                            = 4194304                                   {product} {ergonomic}
   size_t MaxHeapSize                              = 2124414976                                {product} {ergonomic}
   size_t MaxNewSize                               = 1274019840                                {product} {ergonomic}
   size_t MinHeapDeltaBytes                        = 1048576                                   {product} {ergonomic}
   size_t MinHeapSize                              = 8388608                                   {product} {ergonomic}
    uintx NonNMethodCodeHeapSize                   = 5832780                                {pd product} {ergonomic}
    uintx NonProfiledCodeHeapSize                  = 122912730                              {pd product} {ergonomic}
    uintx ProfiledCodeHeapSize                     = 122912730                              {pd product} {ergonomic}
    uintx ReservedCodeCacheSize                    = 251658240                              {pd product} {ergonomic}
     bool SegmentedCodeCache                       = true                                      {product} {ergonomic}
   size_t SoftMaxHeapSize                          = 2124414976                             {manageable} {ergonomic}
     bool UseCompressedClassPointers               = true                           {product lp64_product} {ergonomic}
     bool UseCompressedOops                        = true                           {product lp64_product} {ergonomic}
     bool UseG1GC                                  = true                                      {product} {ergonomic}
     bool UseLargePagesIndividualAllocation        = false                                  {pd product} {ergonomic}

Logging:
Log output configuration:
 #0: stdout all=warning uptime,level,tags foldmultilines=false
 #1: stderr all=off uptime,level,tags foldmultilines=false

Environment Variables:
JAVA_HOME=C:\Program Files\Java\jdk-18.0.1.1
PATH=C:\Program Files\Common Files\Oracle\Java\javapath;C:\Program Files (x86)\Common Files\Oracle\Java\javapath;C:\Windows\system32;C:\Windows;C:\Windows\System32\Wbem;C:\Windows\System32\WindowsPowerShell\v1.0\;C:\Users\Deependra\AppData\Local\Android\Sdk;C:\Users\Deependra\AppData\Local\Android\Sdk\platforms;C:\Users\Deependra\AppData\Local\Android\Sdk\platform-tools;C:\Users\Deependra\AppData\Local\Android\Sdk\tools;C:\Program Files\Java\jdk-18.0.1.1\bin;C:\Program Files\Git\cmd;C:\Program Files\nodejs\;C:\Users\Deependra\AppData\Local\Programs\Microsoft VS Code\bin;C:\Users\Deependra\AppData\Roaming\npm
USERNAME=Deependra
OS=Windows_NT
PROCESSOR_IDENTIFIER=Intel64 Family 6 Model 69 Stepping 1, GenuineIntel



---------------  S Y S T E M  ---------------

OS:
 Windows 8.1 , 64 bit Build 9600 (6.3.9600.17056)
OS uptime: 20 days 18:33 hours

CPU: total 4 (initial active 4) (2 cores per cpu, 2 threads per core) family 6 model 69 stepping 1 microcode 0x1c, cx8, cmov, fxsr, ht, mmx, sse, sse2, sse3, ssse3, sse4.1, sse4.2, popcnt, lzcnt, tsc, tscinvbit, avx, avx2, aes, erms, clmul, bmi1, bmi2, fma, vzeroupper, clflush

Memory: 4k page, system-wide physical 8096M (488M free)
TotalPageFile size 11168M (AvailPageFile size 5M)
current process WorkingSet (physical memory assigned to process): 302M, peak: 302M
current process commit charge ("private bytes"): 340M, peak: 341M

vm_info: Java HotSpot(TM) 64-Bit Server VM (18.0.1.1+2-6) for windows-amd64 JRE (18.0.1.1+2-6), built on Apr 25 2022 21:53:15 by "mach5one" with MS VC++ 16.8 / 16.9 (VS2019)

END.
