#
# There is insufficient memory for the Java Runtime Environment to continue.
# Native memory allocation (mmap) failed to map 134217728 bytes for G1 virtual space
# Possible reasons:
#   The system is out of physical RAM or swap space
#   The process is running with CompressedOops enabled, and the Java Heap may be blocking the growth of the native heap
# Possible solutions:
#   Reduce memory load on the system
#   Increase physical memory or swap space
#   Check if swap backing store is full
#   Decrease Java heap size (-Xmx/-Xms)
#   Decrease number of Java threads
#   Decrease Java thread stack sizes (-Xss)
#   Set larger code cache with -XX:ReservedCodeCacheSize=
#   JVM is running with Unscaled Compressed Oops mode in which the Java heap is
#     placed in the first 4GB address space. The Java Heap base address is the
#     maximum limit for the native heap growth. Please use -XX:HeapBaseMinAddress
#     to set the Java Heap base and to place the Java Heap above 4GB virtual address.
# This output file may be truncated or incomplete.
#
#  Out of Memory Error (os_windows.cpp:3530), pid=6168, tid=7892
#
# JRE version:  (18.0.1.1+2) (build )
# Java VM: Java HotSpot(TM) 64-Bit Server VM (18.0.1.1+2-6, mixed mode, sharing, tiered, compressed oops, compressed class ptrs, g1 gc, windows-amd64)
# No core dump will be written. Minidumps are not enabled by default on client versions of Windows
#

---------------  S U M M A R Y ------------

Command Line: org.jetbrains.kotlin.cli.jvm.K2JVMCompiler @E:\NewsAssignmentZevo\app\build\20230726_16184996519354284703.compiler.options

Host: Intel(R) Core(TM) i5-4210U CPU @ 1.70GHz, 4 cores, 7G,  Windows 8.1 , 64 bit Build 9600 (6.3.9600.17056)
Time: Wed Jul 26 17:27:11 2023 India Standard Time elapsed time: 0.039107 seconds (0d 0h 0m 0s)

---------------  T H R E A D  ---------------

Current thread (0x000000d658d875e0):  JavaThread "Unknown thread" [_thread_in_vm, id=7892, stack(0x000000d658420000,0x000000d658520000)]

Stack: [0x000000d658420000,0x000000d658520000]
Native frames: (J=compiled Java code, j=interpreted, Vv=VM code, C=native code)
V  [jvm.dll+0x69887a]
V  [jvm.dll+0x7f38bd]
V  [jvm.dll+0x7f51ce]
V  [jvm.dll+0x7f5883]
V  [jvm.dll+0x25ca3f]
V  [jvm.dll+0x6957c9]
V  [jvm.dll+0x68a2fa]
V  [jvm.dll+0x321efb]
V  [jvm.dll+0x3298d6]
V  [jvm.dll+0x37e47e]
V  [jvm.dll+0x37e6af]
V  [jvm.dll+0x2f9c7a]
V  [jvm.dll+0x2facdd]
V  [jvm.dll+0x7c24f0]
V  [jvm.dll+0x38b801]
V  [jvm.dll+0x7a1203]
V  [jvm.dll+0x40d6bf]
V  [jvm.dll+0x40f091]
C  [jli.dll+0x526b]
C  [ucrtbase.DLL+0x1d912]
C  [KERNEL32.DLL+0x16ad]
C  [ntdll.dll+0x154f4]


---------------  P R O C E S S  ---------------

Threads class SMR info:
_java_thread_list=0x00007ffa6a9ed550, length=0, elements={
}

Java Threads: ( => current thread )

Other Threads:
  0x000000d658de7800 WorkerThread "GC Thread#0" [stack: 0x000000d658bb0000,0x000000d658cb0000] [id=7604]
  0x000000d658df8470 ConcurrentGCThread "G1 Main Marker" [stack: 0x000000d6741f0000,0x000000d6742f0000] [id=7492]
  0x000000d658df9a20 WorkerThread "G1 Conc#0" [stack: 0x000000d6742f0000,0x000000d6743f0000] [id=6512]

[error occurred during error reporting (printing all threads), id 0xc0000005, EXCEPTION_ACCESS_VIOLATION (0xc0000005) at pc=0x00007ffa6a21a217]

VM state: not at safepoint (not fully initialized)

VM Mutex/Monitor currently owned by a thread:  ([mutex/lock_event])
[0x000000d656cfdde0] Heap_lock - owner thread: 0x000000d658d875e0

Heap address: 0x0000000081600000, size: 2026 MB, Compressed Oops mode: 32-bit

CDS archive(s) mapped at: [0x0000000000000000-0x0000000000000000-0x0000000000000000), size 0, SharedBaseAddress: 0x0000000800000000, ArchiveRelocationMode: 0.
Narrow klass base: 0x0000000000000000, Narrow klass shift: 0, Narrow klass range: 0x0

GC Precious Log:
 CardTable entry size: 512
 Card Set container configuration: InlinePtr #cards 5 size 8 Array Of Cards #cards 12 size 40 Howl #buckets 4 coarsen threshold 1843 Howl Bitmap #cards 512 size 80 coarsen threshold 460 Card regions per heap region 1 cards per card region 2048

Heap:
 garbage-first heap   total 0K, used 0K [0x0000000081600000, 0x0000000100000000)
  region size 1024K, 0 young (0K), 0 survivors (0K)

[error occurred during error reporting (printing heap information), id 0xc0000005, EXCEPTION_ACCESS_VIOLATION (0xc0000005) at pc=0x00007ffa6a600cb9]

GC Heap History (0 events):
No events

Deoptimization events (0 events):
No events

Classes loaded (0 events):
No events

Classes unloaded (0 events):
No events

Classes redefined (0 events):
No events

Internal exceptions (0 events):
No events

VM Operations (0 events):
No events

Events (1 events):
Event: 0.022 Loaded shared library C:\Program Files\Java\jdk-18.0.1.1\bin\java.dll


Dynamic libraries:
0x00007ff73ec70000 - 0x00007ff73ec80000 	C:\Program Files\Java\jdk-18.0.1.1\bin\java.exe
0x00007ffa92c50000 - 0x00007ffa92dfd000 	C:\Windows\SYSTEM32\ntdll.dll
0x00007ffa926e0000 - 0x00007ffa9281a000 	C:\Windows\system32\KERNEL32.DLL
0x00007ffa90140000 - 0x00007ffa90256000 	C:\Windows\system32\KERNELBASE.dll
0x00007ffa82160000 - 0x00007ffa82178000 	C:\Program Files\Java\jdk-18.0.1.1\bin\jli.dll
0x00007ffa81a10000 - 0x00007ffa81a2a000 	C:\Program Files\Java\jdk-18.0.1.1\bin\VCRUNTIME140.dll
0x00007ffa8d900000 - 0x00007ffa8d904000 	C:\Program Files\Java\jdk-18.0.1.1\bin\api-ms-win-crt-stdio-l1-1-0.dll
0x00007ffa835c0000 - 0x00007ffa835c4000 	C:\Program Files\Java\jdk-18.0.1.1\bin\api-ms-win-crt-runtime-l1-1-0.dll
0x00007ffa82270000 - 0x00007ffa82273000 	C:\Program Files\Java\jdk-18.0.1.1\bin\api-ms-win-crt-environment-l1-1-0.dll
0x00007ffa821a0000 - 0x00007ffa821a5000 	C:\Program Files\Java\jdk-18.0.1.1\bin\api-ms-win-crt-math-l1-1-0.dll
0x00007ffa81a00000 - 0x00007ffa81a03000 	C:\Program Files\Java\jdk-18.0.1.1\bin\api-ms-win-crt-locale-l1-1-0.dll
0x00007ffa81780000 - 0x00007ffa81783000 	C:\Program Files\Java\jdk-18.0.1.1\bin\api-ms-win-crt-heap-l1-1-0.dll
0x00007ffa90350000 - 0x00007ffa903fa000 	C:\Windows\system32\ADVAPI32.dll
0x00007ffa8bc70000 - 0x00007ffa8beea000 	C:\Windows\WinSxS\amd64_microsoft.windows.common-controls_6595b64144ccf1df_6.0.9600.17810_none_6240b9c7ecbd0bda\COMCTL32.dll
0x00007ffa92500000 - 0x00007ffa92677000 	C:\Windows\system32\USER32.dll
0x00007ffa88ea0000 - 0x00007ffa88eaa000 	C:\Windows\SYSTEM32\VERSION.dll
0x00007ffa7fd30000 - 0x00007ffa7fd33000 	C:\Program Files\Java\jdk-18.0.1.1\bin\api-ms-win-crt-filesystem-l1-1-0.dll
0x00007ffa7fcb0000 - 0x00007ffa7fcb4000 	C:\Program Files\Java\jdk-18.0.1.1\bin\api-ms-win-crt-string-l1-1-0.dll
0x00007ffa7f600000 - 0x00007ffa7f604000 	C:\Program Files\Java\jdk-18.0.1.1\bin\api-ms-win-crt-convert-l1-1-0.dll
0x00007ffa92820000 - 0x00007ffa928c7000 	C:\Windows\system32\msvcrt.dll
0x00007ffa92b80000 - 0x00007ffa92bd9000 	C:\Windows\SYSTEM32\sechost.dll
0x00007ffa92280000 - 0x00007ffa923c0000 	C:\Windows\system32\RPCRT4.dll
0x00007ffa91f90000 - 0x00007ffa920db000 	C:\Windows\system32\GDI32.dll
0x00007ffa78690000 - 0x00007ffa7878a000 	C:\Program Files\Java\jdk-18.0.1.1\bin\ucrtbase.DLL
0x00007ffa8ff30000 - 0x00007ffa8ff5e000 	C:\Windows\system32\SspiCli.dll
0x00007ffa90310000 - 0x00007ffa90344000 	C:\Windows\system32\IMM32.DLL
0x00007ffa91e30000 - 0x00007ffa91f81000 	C:\Windows\system32\MSCTF.dll
0x00007ffa7f5f0000 - 0x00007ffa7f5fc000 	C:\Program Files\Java\jdk-18.0.1.1\bin\vcruntime140_1.dll
0x00007ffa7f490000 - 0x00007ffa7f51d000 	C:\Program Files\Java\jdk-18.0.1.1\bin\msvcp140.dll
0x00007ffa7f020000 - 0x00007ffa7f023000 	C:\Program Files\Java\jdk-18.0.1.1\bin\api-ms-win-crt-time-l1-1-0.dll
0x00007ffa7cf70000 - 0x00007ffa7cf73000 	C:\Program Files\Java\jdk-18.0.1.1\bin\api-ms-win-crt-utility-l1-1-0.dll
0x00007ffa69f10000 - 0x00007ffa6ab20000 	C:\Program Files\Java\jdk-18.0.1.1\bin\server\jvm.dll
0x00007ffa8baf0000 - 0x00007ffa8baf9000 	C:\Windows\SYSTEM32\WSOCK32.dll
0x00007ffa8a870000 - 0x00007ffa8a88f000 	C:\Windows\SYSTEM32\WINMM.dll
0x00007ffa924f0000 - 0x00007ffa924f7000 	C:\Windows\system32\PSAPI.DLL
0x00007ffa92480000 - 0x00007ffa924da000 	C:\Windows\system32\WS2_32.dll
0x00007ffa8a810000 - 0x00007ffa8a83a000 	C:\Windows\SYSTEM32\WINMMBASE.dll
0x00007ffa92470000 - 0x00007ffa92479000 	C:\Windows\system32\NSI.dll
0x00007ffa902c0000 - 0x00007ffa9030a000 	C:\Windows\SYSTEM32\cfgmgr32.dll
0x00007ffa8ebf0000 - 0x00007ffa8ec16000 	C:\Windows\SYSTEM32\DEVOBJ.dll
0x00007ffa7cf60000 - 0x00007ffa7cf6a000 	C:\Program Files\Java\jdk-18.0.1.1\bin\jimage.dll
0x00007ffa7a3d0000 - 0x00007ffa7a558000 	C:\Windows\SYSTEM32\DBGHELP.DLL
0x00007ffa7b8b0000 - 0x00007ffa7b8d5000 	C:\Program Files\Java\jdk-18.0.1.1\bin\java.dll

dbghelp: loaded successfully - version: 4.0.5 - missing functions: none
symbol engine: initialized successfully - sym options: 0x614 - pdb path: .;C:\Program Files\Java\jdk-18.0.1.1\bin;C:\Windows\SYSTEM32;C:\Windows\WinSxS\amd64_microsoft.windows.common-controls_6595b64144ccf1df_6.0.9600.17810_none_6240b9c7ecbd0bda;C:\Program Files\Java\jdk-18.0.1.1\bin\server

VM Arguments:
java_command: org.jetbrains.kotlin.cli.jvm.K2JVMCompiler @E:\NewsAssignmentZevo\app\build\20230726_16184996519354284703.compiler.options
java_class_path (initial): C:\Users\Deependra\.gradle\caches\modules-2\files-2.1\org.jetbrains.kotlin\kotlin-compiler-embeddable\1.7.20\8db18559a581dd2c36ddfd5046af145650f5b126\kotlin-compiler-embeddable-1.7.20.jar;C:\Users\Deependra\.gradle\caches\modules-2\files-2.1\org.jetbrains.kotlin\kotlin-reflect\1.7.20\12b2501e33bb6373e8e347c86d85481863629381\kotlin-reflect-1.7.20.jar;C:\Users\Deependra\.gradle\caches\modules-2\files-2.1\org.jetbrains.kotlin\kotlin-stdlib\1.7.20\726594ea9ba2beb2ee113647fefa9a10f9fabe52\kotlin-stdlib-1.7.20.jar;C:\Users\Deependra\.gradle\caches\modules-2\files-2.1\org.jetbrains.kotlin\kotlin-script-runtime\1.7.20\bcd1cc6f865e632550357fcc59f5ffd532615a8\kotlin-script-runtime-1.7.20.jar;C:\Users\Deependra\.gradle\caches\modules-2\files-2.1\org.jetbrains.kotlin\kotlin-daemon-embeddable\1.7.20\1e24355adad8d529d75d5b19eab55484057431ba\kotlin-daemon-embeddable-1.7.20.jar;C:\Users\Deependra\.gradle\caches\modules-2\files-2.1\org.jetbrains.intellij.deps\trove4j\1.0.20200330\3afb14d5f9ceb459d724e907a21145e8ff394f02\trove4j-1.0.20200330.jar;C:\Users\Deependra\.gradle\caches\modules-2\files-2.1\net.java.dev.jna\jna\5.6.0\330f2244e9030119ab3030fc3fededc86713d9cc\jna-5.6.0.jar;C:\Users\Deependra\.gradle\caches\modules-2\files-2.1\org.jetbrains.kotlin\kotlin-stdlib-common\1.7.20\e15351bdaf9fa06f009be5da7a202e4184f00ae3\kotlin-stdlib-common-1.7.20.jar;C:\Users\Deependra\.gradle\caches\modules-2\files-2.1\org.jetbrains\annotations\13.0\919f0dfe192fb4e063e7dacadee7f8bb9a2672a9\annotations-13.0.jar
Launcher Type: SUN_STANDARD

[Global flags]
     intx CICompilerCount                          = 3                                         {product} {ergonomic}
     uint ConcGCThreads                            = 1                                         {product} {ergonomic}
     uint G1ConcRefinementThreads                  = 4                                         {product} {ergonomic}
   size_t G1HeapRegionSize                         = 1048576                                   {product} {ergonomic}
    uintx GCDrainStackTargetSize                   = 64                                        {product} {ergonomic}
   size_t InitialHeapSize                          = 134217728                                 {product} {ergonomic}
   size_t MarkStackSize                            = 4194304                                   {product} {ergonomic}
   size_t MaxHeapSize                              = 2124414976                                {product} {ergonomic}
   size_t MinHeapDeltaBytes                        = 1048576                                   {product} {ergonomic}
   size_t MinHeapSize                              = 8388608                                   {product} {ergonomic}
    uintx NonNMethodCodeHeapSize                   = 5832780                                {pd product} {ergonomic}
    uintx NonProfiledCodeHeapSize                  = 122912730                              {pd product} {ergonomic}
    uintx ProfiledCodeHeapSize                     = 122912730                              {pd product} {ergonomic}
    uintx ReservedCodeCacheSize                    = 251658240                              {pd product} {ergonomic}
     bool SegmentedCodeCache                       = true                                      {product} {ergonomic}
   size_t SoftMaxHeapSize                          = 2124414976                             {manageable} {ergonomic}
     bool UseCompressedClassPointers               = true                           {product lp64_product} {ergonomic}
     bool UseCompressedOops                        = true                           {product lp64_product} {ergonomic}
     bool UseG1GC                                  = true                                      {product} {ergonomic}
     bool UseLargePagesIndividualAllocation        = false                                  {pd product} {ergonomic}

Logging:
Log output configuration:
 #0: stdout all=warning uptime,level,tags foldmultilines=false
 #1: stderr all=off uptime,level,tags foldmultilines=false

Environment Variables:
JAVA_HOME=C:\Program Files\Java\jdk-18.0.1.1
PATH=C:\Program Files\Common Files\Oracle\Java\javapath;C:\Program Files (x86)\Common Files\Oracle\Java\javapath;C:\Windows\system32;C:\Windows;C:\Windows\System32\Wbem;C:\Windows\System32\WindowsPowerShell\v1.0\;C:\Users\Deependra\AppData\Local\Android\Sdk;C:\Users\Deependra\AppData\Local\Android\Sdk\platforms;C:\Users\Deependra\AppData\Local\Android\Sdk\platform-tools;C:\Users\Deependra\AppData\Local\Android\Sdk\tools;C:\Program Files\Java\jdk-18.0.1.1\bin;C:\Program Files\Git\cmd;C:\Program Files\nodejs\;C:\Users\Deependra\AppData\Local\Programs\Microsoft VS Code\bin;C:\Users\Deependra\AppData\Roaming\npm
USERNAME=Deependra
OS=Windows_NT
PROCESSOR_IDENTIFIER=Intel64 Family 6 Model 69 Stepping 1, GenuineIntel



---------------  S Y S T E M  ---------------

OS:
 Windows 8.1 , 64 bit Build 9600 (6.3.9600.17056)
OS uptime: 20 days 18:32 hours

CPU: total 4 (initial active 4) (2 cores per cpu, 2 threads per core) family 6 model 69 stepping 1 microcode 0x1c, cx8, cmov, fxsr, ht, mmx, sse, sse2, sse3, ssse3, sse4.1, sse4.2, popcnt, lzcnt, tsc, tscinvbit, avx, avx2, aes, erms, clmul, bmi1, bmi2, fma, vzeroupper, clflush

Memory: 4k page, system-wide physical 8096M (496M free)
TotalPageFile size 11168M (AvailPageFile size 26M)
current process WorkingSet (physical memory assigned to process): 9M, peak: 9M
current process commit charge ("private bytes"): 51M, peak: 179M

vm_info: Java HotSpot(TM) 64-Bit Server VM (18.0.1.1+2-6) for windows-amd64 JRE (18.0.1.1+2-6), built on Apr 25 2022 21:53:15 by "mach5one" with MS VC++ 16.8 / 16.9 (VS2019)

END.
